2022-05-10 20:37:27,596 ERROR: Exception on /HOW [POST] [in C:\Anaconda3\envs\flask\lib\site-packages\flask\app.py:1455]
Traceback (most recent call last):
  File "C:\Anaconda3\envs\flask\lib\site-packages\flask\app.py", line 2070, in wsgi_app
    response = self.full_dispatch_request()
  File "C:\Anaconda3\envs\flask\lib\site-packages\flask\app.py", line 1515, in full_dispatch_request
    rv = self.handle_user_exception(e)
  File "C:\Anaconda3\envs\flask\lib\site-packages\flask\app.py", line 1513, in full_dispatch_request
    rv = self.dispatch_request()
  File "C:\Anaconda3\envs\flask\lib\site-packages\flask\app.py", line 1499, in dispatch_request
    return self.ensure_sync(self.view_functions[rule.endpoint])(**req.view_args)
  File "C:\Users\jsy19\OneDrive - 薅羊毛大学\文档\mystuff\LaiZhouX\app\main\routes.py", line 19, in H2_oil_water
    return jsonify(HOW_pred())
  File "C:\Users\jsy19\OneDrive - 薅羊毛大学\文档\mystuff\LaiZhouX\app\data\data_make.py", line 256, in HOW_pred
    hydrogenLeakageVol = trunc(H2LeakageCalSave(hydrogenLeakageVol, collectionTime))
  File "C:\Users\jsy19\OneDrive - 薅羊毛大学\文档\mystuff\LaiZhouX\app\data\func_store.py", line 132, in H2LeakageCalSave
    H2LeakageVol = max(H2LeakageCal[0]['leakage'] + (H2LeakageVol - H2LeakageCal[-1]['leakage']) / (length + 1), 0)
IndexError: list index out of range
2022-05-10 20:37:28,117 ERROR: Exception on /HOW [POST] [in C:\Anaconda3\envs\flask\lib\site-packages\flask\app.py:1455]
Traceback (most recent call last):
  File "C:\Anaconda3\envs\flask\lib\site-packages\flask\app.py", line 2070, in wsgi_app
    response = self.full_dispatch_request()
  File "C:\Anaconda3\envs\flask\lib\site-packages\flask\app.py", line 1515, in full_dispatch_request
    rv = self.handle_user_exception(e)
  File "C:\Anaconda3\envs\flask\lib\site-packages\flask\app.py", line 1513, in full_dispatch_request
    rv = self.dispatch_request()
  File "C:\Anaconda3\envs\flask\lib\site-packages\flask\app.py", line 1499, in dispatch_request
    return self.ensure_sync(self.view_functions[rule.endpoint])(**req.view_args)
  File "C:\Users\jsy19\OneDrive - 薅羊毛大学\文档\mystuff\LaiZhouX\app\main\routes.py", line 19, in H2_oil_water
    return jsonify(HOW_pred())
  File "C:\Users\jsy19\OneDrive - 薅羊毛大学\文档\mystuff\LaiZhouX\app\data\data_make.py", line 256, in HOW_pred
    hydrogenLeakageVol = trunc(H2LeakageCalSave(hydrogenLeakageVol, collectionTime))
  File "C:\Users\jsy19\OneDrive - 薅羊毛大学\文档\mystuff\LaiZhouX\app\data\func_store.py", line 132, in H2LeakageCalSave
    H2LeakageVol = max(H2LeakageCal[0]['leakage'] + (H2LeakageVol - H2LeakageCal[-1]['leakage']) / (length + 1), 0)
IndexError: list index out of range
2022-05-10 20:37:28,323 ERROR: Exception on /HOW [POST] [in C:\Anaconda3\envs\flask\lib\site-packages\flask\app.py:1455]
Traceback (most recent call last):
  File "C:\Anaconda3\envs\flask\lib\site-packages\flask\app.py", line 2070, in wsgi_app
    response = self.full_dispatch_request()
  File "C:\Anaconda3\envs\flask\lib\site-packages\flask\app.py", line 1515, in full_dispatch_request
    rv = self.handle_user_exception(e)
  File "C:\Anaconda3\envs\flask\lib\site-packages\flask\app.py", line 1513, in full_dispatch_request
    rv = self.dispatch_request()
  File "C:\Anaconda3\envs\flask\lib\site-packages\flask\app.py", line 1499, in dispatch_request
    return self.ensure_sync(self.view_functions[rule.endpoint])(**req.view_args)
  File "C:\Users\jsy19\OneDrive - 薅羊毛大学\文档\mystuff\LaiZhouX\app\main\routes.py", line 19, in H2_oil_water
    return jsonify(HOW_pred())
  File "C:\Users\jsy19\OneDrive - 薅羊毛大学\文档\mystuff\LaiZhouX\app\data\data_make.py", line 256, in HOW_pred
    hydrogenLeakageVol = trunc(H2LeakageCalSave(hydrogenLeakageVol, collectionTime))
  File "C:\Users\jsy19\OneDrive - 薅羊毛大学\文档\mystuff\LaiZhouX\app\data\func_store.py", line 132, in H2LeakageCalSave
    H2LeakageVol = max(H2LeakageCal[0]['leakage'] + (H2LeakageVol - H2LeakageCal[-1]['leakage']) / (length + 1), 0)
IndexError: list index out of range
2022-05-10 20:37:28,528 ERROR: Exception on /HOW [POST] [in C:\Anaconda3\envs\flask\lib\site-packages\flask\app.py:1455]
Traceback (most recent call last):
  File "C:\Anaconda3\envs\flask\lib\site-packages\flask\app.py", line 2070, in wsgi_app
    response = self.full_dispatch_request()
  File "C:\Anaconda3\envs\flask\lib\site-packages\flask\app.py", line 1515, in full_dispatch_request
    rv = self.handle_user_exception(e)
  File "C:\Anaconda3\envs\flask\lib\site-packages\flask\app.py", line 1513, in full_dispatch_request
    rv = self.dispatch_request()
  File "C:\Anaconda3\envs\flask\lib\site-packages\flask\app.py", line 1499, in dispatch_request
    return self.ensure_sync(self.view_functions[rule.endpoint])(**req.view_args)
  File "C:\Users\jsy19\OneDrive - 薅羊毛大学\文档\mystuff\LaiZhouX\app\main\routes.py", line 19, in H2_oil_water
    return jsonify(HOW_pred())
  File "C:\Users\jsy19\OneDrive - 薅羊毛大学\文档\mystuff\LaiZhouX\app\data\data_make.py", line 256, in HOW_pred
    hydrogenLeakageVol = trunc(H2LeakageCalSave(hydrogenLeakageVol, collectionTime))
  File "C:\Users\jsy19\OneDrive - 薅羊毛大学\文档\mystuff\LaiZhouX\app\data\func_store.py", line 132, in H2LeakageCalSave
    H2LeakageVol = max(H2LeakageCal[0]['leakage'] + (H2LeakageVol - H2LeakageCal[-1]['leakage']) / (length + 1), 0)
IndexError: list index out of range
2022-05-10 20:37:28,748 ERROR: Exception on /HOW [POST] [in C:\Anaconda3\envs\flask\lib\site-packages\flask\app.py:1455]
Traceback (most recent call last):
  File "C:\Anaconda3\envs\flask\lib\site-packages\flask\app.py", line 2070, in wsgi_app
    response = self.full_dispatch_request()
  File "C:\Anaconda3\envs\flask\lib\site-packages\flask\app.py", line 1515, in full_dispatch_request
    rv = self.handle_user_exception(e)
  File "C:\Anaconda3\envs\flask\lib\site-packages\flask\app.py", line 1513, in full_dispatch_request
    rv = self.dispatch_request()
  File "C:\Anaconda3\envs\flask\lib\site-packages\flask\app.py", line 1499, in dispatch_request
    return self.ensure_sync(self.view_functions[rule.endpoint])(**req.view_args)
  File "C:\Users\jsy19\OneDrive - 薅羊毛大学\文档\mystuff\LaiZhouX\app\main\routes.py", line 19, in H2_oil_water
    return jsonify(HOW_pred())
  File "C:\Users\jsy19\OneDrive - 薅羊毛大学\文档\mystuff\LaiZhouX\app\data\data_make.py", line 256, in HOW_pred
    hydrogenLeakageVol = trunc(H2LeakageCalSave(hydrogenLeakageVol, collectionTime))
  File "C:\Users\jsy19\OneDrive - 薅羊毛大学\文档\mystuff\LaiZhouX\app\data\func_store.py", line 132, in H2LeakageCalSave
    H2LeakageVol = max(H2LeakageCal[0]['leakage'] + (H2LeakageVol - H2LeakageCal[-1]['leakage']) / (length + 1), 0)
IndexError: list index out of range
2022-05-10 20:37:28,983 ERROR: Exception on /HOW [POST] [in C:\Anaconda3\envs\flask\lib\site-packages\flask\app.py:1455]
Traceback (most recent call last):
  File "C:\Anaconda3\envs\flask\lib\site-packages\flask\app.py", line 2070, in wsgi_app
    response = self.full_dispatch_request()
  File "C:\Anaconda3\envs\flask\lib\site-packages\flask\app.py", line 1515, in full_dispatch_request
    rv = self.handle_user_exception(e)
  File "C:\Anaconda3\envs\flask\lib\site-packages\flask\app.py", line 1513, in full_dispatch_request
    rv = self.dispatch_request()
  File "C:\Anaconda3\envs\flask\lib\site-packages\flask\app.py", line 1499, in dispatch_request
    return self.ensure_sync(self.view_functions[rule.endpoint])(**req.view_args)
  File "C:\Users\jsy19\OneDrive - 薅羊毛大学\文档\mystuff\LaiZhouX\app\main\routes.py", line 19, in H2_oil_water
    return jsonify(HOW_pred())
  File "C:\Users\jsy19\OneDrive - 薅羊毛大学\文档\mystuff\LaiZhouX\app\data\data_make.py", line 256, in HOW_pred
    hydrogenLeakageVol = trunc(H2LeakageCalSave(hydrogenLeakageVol, collectionTime))
  File "C:\Users\jsy19\OneDrive - 薅羊毛大学\文档\mystuff\LaiZhouX\app\data\func_store.py", line 132, in H2LeakageCalSave
    H2LeakageVol = max(H2LeakageCal[0]['leakage'] + (H2LeakageVol - H2LeakageCal[-1]['leakage']) / (length + 1), 0)
IndexError: list index out of range
2022-05-10 20:42:17,954 INFO: LaiZhou startup [in C:\Users\jsy19\OneDrive - 薅羊毛大学\文档\mystuff\LaiZhouX\app\__init__.py:34]
2022-05-10 20:44:01,499 INFO: LaiZhou startup [in C:\Users\jsy19\OneDrive - 薅羊毛大学\文档\mystuff\LaiZhouX\app\__init__.py:34]
2022-05-10 21:32:46,543 INFO: LaiZhou startup [in C:\Users\jsy19\OneDrive - 薅羊毛大学\文档\mystuff\LaiZhouX\app\__init__.py:34]
2022-05-10 22:15:09,891 INFO: LaiZhou startup [in C:\Users\jsy19\OneDrive - 薅羊毛大学\文档\mystuff\LaiZhouX\app\__init__.py:34]
2022-05-10 22:15:33,460 INFO: LaiZhou startup [in C:\Users\jsy19\OneDrive - 薅羊毛大学\文档\mystuff\LaiZhouX\app\__init__.py:34]
